2026-01-23T19:07:18.282Z: ACTION RECEIVED: type=sale, contactId=undefined, employeeId=3bd401e1-2183-485f-9761-6b85632e936f, total=8000
2026-01-23T19:09:11.074Z: ACTION RECEIVED: type=sale, contactId=undefined, employeeId=3bd401e1-2183-485f-9761-6b85632e936f, total=8000
2026-01-23T19:12:09.229Z: ACTION RECEIVED: type=sale, contactId=undefined, employeeId=3bd401e1-2183-485f-9761-6b85632e936f, total=8000
2026-01-23T19:22:31.188Z: ACTION RECEIVED: type=sale, contactId=undefined, employeeId=3bd401e1-2183-485f-9761-6b85632e936f, total=8000
2026-01-23T19:27:03.949Z: ACTION RECEIVED: type=sale, contactId=undefined, employeeId=3bd401e1-2183-485f-9761-6b85632e936f, total=8000
2026-01-23T19:35:24.288Z: START: type=sale empId=3bd401e1-2183-485f-9761-6b85632e936f
2026-01-23T19:35:24.560Z: Creating Order...
2026-01-23T19:35:24.711Z: Order Created: 02f2342e-95bf-4b5f-8383-a7276ac436bd
2026-01-23T19:35:24.846Z: Account Found: undefined
2026-01-23T19:35:24.847Z: Auto-creating Account...
2026-01-23T19:35:25.256Z: Gen Code: 335.01.001
2026-01-23T19:35:25.373Z: Account Create Error: Could not find the 'is_active' column of 'accounts' in the schema cache
2026-01-23T19:35:25.639Z: FATAL ERROR: Personel hesabı oluşturulamadı: Could not find the 'is_active' column of 'accounts' in the schema cache
2026-01-23T19:37:27.861Z: START: type=sale empId=3bd401e1-2183-485f-9761-6b85632e936f
2026-01-23T19:37:28.184Z: Creating Order...
2026-01-23T19:37:28.318Z: Order Created: 13681623-ad3e-4e18-887b-283e6a679fd6
2026-01-23T19:37:28.440Z: Account Found: undefined
2026-01-23T19:37:28.441Z: Auto-creating Account...
2026-01-23T19:37:28.889Z: Gen Code: 335.01.001
2026-01-23T19:37:29.098Z: Account Create Error: Could not find the 'is_active' column of 'accounts' in the schema cache
2026-01-23T19:37:29.296Z: FATAL ERROR: Personel hesabı oluşturulamadı: Could not find the 'is_active' column of 'accounts' in the schema cache
2026-01-23T19:42:28.177Z: START: type=sale empId=3bd401e1-2183-485f-9761-6b85632e936f
2026-01-23T19:42:28.586Z: Creating Order...
2026-01-23T19:42:28.723Z: Order Created: 3dcdf999-4281-4f25-8f51-9297325d81de
2026-01-23T19:42:28.844Z: Account Found: undefined
2026-01-23T19:42:28.845Z: Auto-creating Account...
2026-01-23T19:42:29.308Z: Gen Code: 335.01.001
2026-01-23T19:42:29.504Z: Account Create Error: new row for relation "accounts" violates check constraint "accounts_type_check"
2026-01-23T19:42:29.695Z: FATAL ERROR: Personel hesabı oluşturulamadı: new row for relation "accounts" violates check constraint "accounts_type_check"
2026-01-23T19:46:32.744Z: START: type=sale empId=3bd401e1-2183-485f-9761-6b85632e936f
2026-01-23T19:46:33.019Z: Creating Order...
2026-01-23T19:46:33.157Z: Order Created: 266e0ab7-e897-4916-afea-96604c5c4823
2026-01-23T19:46:33.288Z: Account Found: undefined
2026-01-23T19:46:33.288Z: Auto-creating Account...
2026-01-23T19:46:33.688Z: Gen Code: 335.01.001
2026-01-23T19:46:33.836Z: Account Created: 60b2c5f2-d6b9-4041-92e1-cc8a5bd8abf9
2026-01-23T19:46:33.836Z: Checking HR Logic...
2026-01-23T19:46:33.836Z: Entering HR Block
2026-01-23T19:46:34.078Z: HR Success
2026-01-23T19:46:34.079Z: Processing Financial TX...
2026-01-23T19:46:34.224Z: Financial TX 1 Success
2026-01-23T19:46:35.408Z: DONE
2026-01-23T20:06:53.882Z: START: type=sale empId=3bd401e1-2183-485f-9761-6b85632e936f
2026-01-23T20:06:54.318Z: Creating Order...
2026-01-23T20:06:54.472Z: Order Created: 05d41eec-1c1a-41d3-9ef1-9f4c0f6b478d
2026-01-23T20:06:54.637Z: Account Found: 60b2c5f2-d6b9-4041-92e1-cc8a5bd8abf9
2026-01-23T20:06:54.638Z: Checking HR Logic...
2026-01-23T20:06:54.638Z: Entering HR Block
2026-01-23T20:06:54.836Z: HR Success
2026-01-23T20:06:54.837Z: Processing Financial TX...
2026-01-23T20:06:55.095Z: Financial TX 1 Success
2026-01-23T20:06:56.142Z: DONE
2026-01-23T20:25:24.412Z: START: type=sale empId=3bd401e1-2183-485f-9761-6b85632e936f
2026-01-23T20:25:24.846Z: Creating Order...
2026-01-23T20:25:25.016Z: Order Created: aa1c19dc-cc49-4985-ba2e-d19b553f0a73
2026-01-23T20:25:25.145Z: Account Found: 60b2c5f2-d6b9-4041-92e1-cc8a5bd8abf9
2026-01-23T20:25:25.145Z: Checking HR Logic...
2026-01-23T20:25:25.146Z: Entering HR Block
2026-01-23T20:25:25.368Z: HR Success
2026-01-23T20:25:25.369Z: Processing Financial TX...
2026-01-23T20:25:25.647Z: Financial TX 1 Success
2026-01-23T20:25:26.709Z: DONE
2026-01-23T20:29:18.431Z: START: type=sale empId=3bd401e1-2183-485f-9761-6b85632e936f
2026-01-23T20:29:18.705Z: Creating Order...
2026-01-23T20:29:18.836Z: Order Created: 58531b69-c5a9-4045-88b4-c1527290f0b4
2026-01-23T20:29:18.963Z: Account Found: 60b2c5f2-d6b9-4041-92e1-cc8a5bd8abf9
2026-01-23T20:29:18.964Z: Checking HR Logic...
2026-01-23T20:29:18.964Z: Entering HR Block
2026-01-23T20:29:19.094Z: HR Success
2026-01-23T20:29:19.095Z: Processing Financial TX...
2026-01-23T20:29:19.374Z: Financial TX 1 Success
2026-01-23T20:29:20.499Z: DONE
2026-01-23T20:36:13.254Z: START: type=sale empId=aa17dc9a-6e20-4347-bb97-bb1e210f75db
2026-01-23T20:36:14.017Z: Creating Order...
2026-01-23T20:36:14.148Z: Order Created: b73d6871-3a7f-462c-a791-e4970fbdb5ff
2026-01-23T20:36:14.285Z: Account Found: undefined
2026-01-23T20:36:14.286Z: Auto-creating Account...
2026-01-23T20:36:14.529Z: Gen Code: 335.01.001
2026-01-23T20:36:14.660Z: Account Created: fbaf8cef-0e73-4293-87d2-bbd0a41c7afb
2026-01-23T20:36:14.661Z: Checking HR Logic...
2026-01-23T20:36:14.661Z: Entering HR Block
2026-01-23T20:36:14.995Z: HR Success
2026-01-23T20:36:14.995Z: Processing Financial TX...
2026-01-23T20:36:15.119Z: Financial TX 1 Success
2026-01-23T20:36:16.276Z: DONE
2026-01-23T20:45:47.725Z: START: type=sale empId=aa17dc9a-6e20-4347-bb97-bb1e210f75db
2026-01-23T20:45:48.222Z: Creating Order...
2026-01-23T20:45:48.384Z: Order Created: f0742c0d-3547-4554-8415-9540cce65238
2026-01-23T20:45:48.512Z: Account Found: fbaf8cef-0e73-4293-87d2-bbd0a41c7afb
2026-01-23T20:45:48.513Z: Checking HR Logic...
2026-01-23T20:45:48.513Z: Entering HR Block
2026-01-23T20:45:48.644Z: HR Success
2026-01-23T20:45:48.644Z: Processing Financial TX...
2026-01-23T20:45:48.914Z: Financial TX 1 Success
2026-01-23T20:45:50.057Z: DONE
2026-01-23T20:53:58.168Z: START: type=sale empId=7ecc47fa-83e5-4665-b269-bbc84947d4aa
2026-01-23T20:53:58.864Z: Creating Order...
2026-01-23T20:53:59.077Z: Order Created: 65ce1a87-3906-4a64-89eb-2e94f3a8dc43
2026-01-23T20:53:59.210Z: Account Found: undefined
2026-01-23T20:53:59.210Z: Auto-creating Account...
2026-01-23T20:53:59.481Z: Gen Code: 335.01.001
2026-01-23T20:53:59.610Z: Account Created: f4060eac-5901-4d31-a291-b5f2ff47279a
2026-01-23T20:53:59.611Z: Checking HR Logic...
2026-01-23T20:53:59.611Z: Entering HR Block
2026-01-23T20:53:59.882Z: HR Success
2026-01-23T20:53:59.882Z: Processing Financial TX...
2026-01-23T20:54:00.016Z: Financial TX 1 Success
2026-01-23T20:54:01.171Z: DONE
2026-01-23T20:58:24.366Z: START: type=sale empId=9af5d05a-da47-44da-a403-31e9859e44f9
2026-01-23T20:58:25.181Z: Creating Order...
2026-01-23T20:58:25.311Z: Order Created: 1ba06a06-9d1e-4647-91dd-d7d77f5e998d
2026-01-23T20:58:25.526Z: Account Found: undefined
2026-01-23T20:58:25.527Z: Auto-creating Account...
2026-01-23T20:58:25.783Z: Gen Code: 335.01.001
2026-01-23T20:58:25.928Z: Account Created: e8e48340-0415-4eec-988b-57bd227c57d9
2026-01-23T20:58:25.928Z: Checking HR Logic...
2026-01-23T20:58:25.929Z: Entering HR Block
2026-01-23T20:58:26.191Z: HR Success
2026-01-23T20:58:26.192Z: Processing Financial TX...
2026-01-23T20:58:26.329Z: Financial TX 1 Success
2026-01-23T20:58:27.399Z: DONE
2026-01-23T21:02:01.684Z: START: type=sale empId=9af5d05a-da47-44da-a403-31e9859e44f9
2026-01-23T21:02:02.536Z: Creating Order...
2026-01-23T21:02:02.841Z: Order Created: b216a012-ba53-4e32-8857-9810818f44dd
2026-01-23T21:02:03.033Z: Account Found: e8e48340-0415-4eec-988b-57bd227c57d9
2026-01-23T21:02:03.033Z: Checking HR Logic...
2026-01-23T21:02:03.033Z: Entering HR Block
2026-01-23T21:02:03.240Z: HR Success
2026-01-23T21:02:03.240Z: Processing Financial TX...
2026-01-23T21:02:03.597Z: Financial TX 1 Success
2026-01-23T21:02:05.197Z: DONE
2026-01-23T21:34:22.308Z: START: type=sale empId=cee5cfc5-3edd-49ee-b7b0-d31c498f4f19
2026-01-23T21:34:23.174Z: Creating Order...
2026-01-23T21:34:23.317Z: Order Created: cb2eb61f-0461-4c1b-a43f-a606fd269b2e
2026-01-23T21:34:23.442Z: Account Found: undefined
2026-01-23T21:34:23.443Z: Auto-creating Account...
2026-01-23T21:34:23.801Z: Gen Code: 335.01.001
2026-01-23T21:34:23.964Z: Account Created: 37dc5180-cd9f-47e0-88f0-6b78527237bf
2026-01-23T21:34:23.965Z: Checking HR Logic...
2026-01-23T21:34:23.965Z: Entering HR Block
2026-01-23T21:34:24.385Z: HR Success
2026-01-23T21:34:24.385Z: Processing Financial TX...
2026-01-23T21:34:24.647Z: Financial TX 1 Success
2026-01-23T21:34:25.801Z: DONE
2026-01-23T21:57:08.999Z: START: type=sale empId=e3bdc658-4e13-4cb2-ad9b-04b627f398ec
2026-01-23T21:57:09.992Z: Creating Order...
2026-01-23T21:57:10.133Z: Order Created: ca56a9bb-e2e4-4ad9-a4bf-1d3f49c1253c
2026-01-23T21:57:10.303Z: Account Found: undefined
2026-01-23T21:57:10.303Z: Auto-creating Account...
2026-01-23T21:57:10.700Z: Gen Code: 335.01.002
2026-01-23T21:57:10.837Z: Account Created: d03a11ce-3e04-4dcb-8c4c-ec57d1fb4f6a
2026-01-23T21:57:10.838Z: Checking HR Logic...
2026-01-23T21:57:10.838Z: Entering HR Block
2026-01-23T21:57:11.083Z: HR Success
2026-01-23T21:57:11.083Z: Processing Financial TX...
2026-01-23T21:57:11.227Z: Financial TX 1 Success
2026-01-23T21:57:12.247Z: DONE
2026-01-24T07:23:18.098Z: START: type=sale empId=7ec9b9cc-cd2b-4cab-b761-ae0aa18866d0
2026-01-24T07:23:18.405Z: Creating Order...
2026-01-24T07:23:18.541Z: Order Created: bbc92cb6-f883-4863-88b3-66c3e0ca724a
2026-01-24T07:23:18.661Z: Account Found: undefined
2026-01-24T07:23:18.661Z: Auto-creating Account...
2026-01-24T07:23:19.113Z: Gen Code: 335.01.003
2026-01-24T07:23:19.314Z: Account Created: e8e1c80d-1625-4e62-bf4d-b3c4046b3cc6
2026-01-24T07:23:19.315Z: Syncing to HR Ledger...
2026-01-24T07:23:19.573Z: HR Sync Success
2026-01-24T07:23:19.573Z: Processing Financial TX...
2026-01-24T07:23:19.713Z: Financial TX 1 Success
2026-01-24T07:23:20.747Z: DONE
2026-01-24T07:30:56.723Z: START: type=sale empId=7ec9b9cc-cd2b-4cab-b761-ae0aa18866d0
2026-01-24T07:30:57.157Z: Creating Order...
2026-01-24T07:30:57.294Z: Order Created: c484094c-3381-4a7f-989c-fb15e41b92fa
2026-01-24T07:30:57.416Z: Account Found: e8e1c80d-1625-4e62-bf4d-b3c4046b3cc6
2026-01-24T07:30:57.417Z: Syncing to HR Ledger...
2026-01-24T07:30:57.540Z: HR Sync Success
2026-01-24T07:30:57.541Z: Processing Financial TX...
2026-01-24T07:30:57.785Z: Financial TX 1 Success
2026-01-24T07:30:57.911Z: Financial TX 2 Success (Payment)
2026-01-24T07:30:57.912Z: Syncing instant payment to HR...
2026-01-24T07:30:59.226Z: DONE
2026-01-24T07:39:32.363Z: START: type=sale empId=7ec9b9cc-cd2b-4cab-b761-ae0aa18866d0
2026-01-24T07:39:32.764Z: Creating Order...
2026-01-24T07:39:32.912Z: Order Created: 92a09093-9657-42f5-9316-14f34a8551ff
2026-01-24T07:39:33.059Z: Account Found: e8e1c80d-1625-4e62-bf4d-b3c4046b3cc6
2026-01-24T07:39:33.060Z: Syncing to HR Ledger...
2026-01-24T07:39:33.187Z: HR Sync Success
2026-01-24T07:39:33.188Z: Processing Financial TX...
2026-01-24T07:39:33.438Z: Financial TX 1 Success
2026-01-24T07:39:33.568Z: Financial TX 2 Success (Payment)
2026-01-24T07:39:33.568Z: Syncing instant payment to HR...
2026-01-24T07:39:33.836Z: Updating Order Payment Status column...
2026-01-24T07:39:35.111Z: DONE
2026-01-24T10:53:13.420Z: START: type=purchase empId=undefined
2026-01-24T10:53:13.845Z: Creating Order...
2026-01-24T10:53:13.996Z: Order Created: e800bf6f-b259-466d-8f85-eb7f1c4cacc9
2026-01-24T10:53:14.126Z: Account Found: 386bd924-6ad6-4224-bea6-cf76c1f07060
2026-01-24T10:53:14.127Z: Processing Financial TX...
2026-01-24T10:53:14.336Z: Financial TX 1 Success
2026-01-24T10:53:15.911Z: DONE
2026-01-24T11:50:55.367Z: START: type=sale empId=undefined
2026-01-24T11:50:55.860Z: Creating Order...
2026-01-24T11:50:56.008Z: Order Created: 96d5994f-5de5-4697-84c3-987fa5a2904e
2026-01-24T11:50:56.222Z: Account Found: 386bd924-6ad6-4224-bea6-cf76c1f07060
2026-01-24T11:50:56.222Z: Processing Financial TX...
2026-01-24T11:50:56.363Z: Financial TX 1 Success
2026-01-24T11:50:56.612Z: Financial TX 2 Success (Payment)
2026-01-24T11:50:56.747Z: Updating Order Payment Status column...
2026-01-24T11:50:58.063Z: DONE
2026-01-24T11:53:56.074Z: START: type=purchase empId=undefined
2026-01-24T11:53:56.578Z: Creating Order...
2026-01-24T11:53:56.743Z: Order Created: fdb6255c-d858-4812-a91d-f7a4d4fb1328
2026-01-24T11:53:56.878Z: Account Found: 6f4f9556-74d6-43fa-9c9f-2aed817f4e4c
2026-01-24T11:53:56.878Z: Processing Financial TX...
2026-01-24T11:53:57.096Z: Financial TX 1 Success
2026-01-24T11:53:57.096Z: Skipping stock movement for pending purchase
2026-01-24T11:53:57.097Z: DONE
2026-01-24T19:10:50.393Z: START: type=sale empId=undefined
2026-01-24T19:10:51.288Z: Creating Order...
2026-01-24T19:10:51.425Z: Order Created: 5a430c85-2936-4f76-95bb-d6f7bac1c739
2026-01-24T19:10:51.561Z: Account Found: 2af64553-93ce-4355-8302-e7139f9c992b
2026-01-24T19:10:51.562Z: Processing Financial TX...
2026-01-24T19:10:51.691Z: Financial TX 1 Success
2026-01-24T19:10:51.825Z: Financial TX 2 Success (Payment)
2026-01-24T19:10:51.959Z: Updating Order Payment Status column...
2026-01-24T19:10:53.372Z: DONE
2026-01-24T19:11:11.763Z: START: type=sale empId=undefined
2026-01-24T19:11:12.676Z: Creating Order...
2026-01-24T19:11:12.808Z: Order Created: 40da50b1-92a7-45d3-982d-07d13be2f2c9
2026-01-24T19:11:12.945Z: Account Found: 2af64553-93ce-4355-8302-e7139f9c992b
2026-01-24T19:11:12.946Z: Processing Financial TX...
2026-01-24T19:11:13.083Z: Financial TX 1 Success
2026-01-24T19:11:14.365Z: DONE
